{"level":"ERROR","location":"[get_call:145] fyersModel","message":{"API":"/history","Error":{"code":-300,"message":"Invalid symbol provided","s":"error"}},"timestamp":"2025-10-28 07:42:02,940+0530","service":"FyersAPI"}
{"level":"ERROR","location":"[get_call:145] fyersModel","message":{"API":"/history","Error":{"code":-300,"message":"Invalid symbol provided","s":"error"}},"timestamp":"2025-10-28 07:45:54,758+0530","service":"FyersAPI"}
{"level":"ERROR","location":"[get_call:163] fyersModel","message":{"API":"/history","error":"HTTPSConnectionPool(host='api-t1.fyers.in', port=443): Max retries exceeded with url: /data/history?symbol=NSE%3AAPOLLOHOSP-EQ&resolution=D&date_format=1&range_from=2025-09-28&range_to=2025-10-28&cont_flag=1 (Caused by NameResolutionError(\"<urllib3.connection.HTTPSConnection object at 0x000001FECE696660>: Failed to resolve 'api-t1.fyers.in' ([Errno 11001] getaddrinfo failed)\"))"},"timestamp":"2025-10-28 08:45:57,459+0530","service":"FyersAPI"}
{"level":"ERROR","location":"[get_call:163] fyersModel","message":{"API":"/history","error":"HTTPSConnectionPool(host='api-t1.fyers.in', port=443): Max retries exceeded with url: /data/history?symbol=NSE%3AADANIENT-EQ&resolution=D&date_format=1&range_from=2025-09-28&range_to=2025-10-28&cont_flag=1 (Caused by NameResolutionError(\"<urllib3.connection.HTTPSConnection object at 0x000001FECE705D30>: Failed to resolve 'api-t1.fyers.in' ([Errno 11001] getaddrinfo failed)\"))"},"timestamp":"2025-10-28 08:45:57,471+0530","service":"FyersAPI"}
{"level":"ERROR","location":"[get_call:163] fyersModel","message":{"API":"/history","error":"HTTPSConnectionPool(host='api-t1.fyers.in', port=443): Max retries exceeded with url: /data/history?symbol=NSE%3AADANIGREEN-EQ&resolution=D&date_format=1&range_from=2025-09-28&range_to=2025-10-28&cont_flag=1 (Caused by NameResolutionError(\"<urllib3.connection.HTTPSConnection object at 0x000001FECE7072C0>: Failed to resolve 'api-t1.fyers.in' ([Errno 11001] getaddrinfo failed)\"))"},"timestamp":"2025-10-28 08:45:57,477+0530","service":"FyersAPI"}
{"level":"ERROR","location":"[get_call:163] fyersModel","message":{"API":"/history","error":"HTTPSConnectionPool(host='api-t1.fyers.in', port=443): Max retries exceeded with url: /data/history?symbol=NSE%3AADANITRANS-EQ&resolution=D&date_format=1&range_from=2025-09-28&range_to=2025-10-28&cont_flag=1 (Caused by NameResolutionError(\"<urllib3.connection.HTTPSConnection object at 0x000001FEB316F6E0>: Failed to resolve 'api-t1.fyers.in' ([Errno 11001] getaddrinfo failed)\"))"},"timestamp":"2025-10-28 08:45:57,485+0530","service":"FyersAPI"}
{"level":"ERROR","location":"[get_call:163] fyersModel","message":{"API":"/history","error":"HTTPSConnectionPool(host='api-t1.fyers.in', port=443): Max retries exceeded with url: /data/history?symbol=NSE%3ABAJAJ-AUTO-EQ&resolution=D&date_format=1&range_from=2025-09-28&range_to=2025-10-28&cont_flag=1 (Caused by NameResolutionError(\"<urllib3.connection.HTTPSConnection object at 0x000001FECE696C90>: Failed to resolve 'api-t1.fyers.in' ([Errno 11001] getaddrinfo failed)\"))"},"timestamp":"2025-10-28 08:45:57,491+0530","service":"FyersAPI"}
{"level":"ERROR","location":"[get_call:163] fyersModel","message":{"API":"/history","error":"HTTPSConnectionPool(host='api-t1.fyers.in', port=443): Max retries exceeded with url: /data/history?symbol=NSE%3ABEL-EQ&resolution=D&date_format=1&range_from=2025-09-28&range_to=2025-10-28&cont_flag=1 (Caused by NameResolutionError(\"<urllib3.connection.HTTPSConnection object at 0x000001FECE696630>: Failed to resolve 'api-t1.fyers.in' ([Errno 11001] getaddrinfo failed)\"))"},"timestamp":"2025-10-28 08:45:57,497+0530","service":"FyersAPI"}
{"level":"ERROR","location":"[get_call:163] fyersModel","message":{"API":"/history","error":"HTTPSConnectionPool(host='api-t1.fyers.in', port=443): Max retries exceeded with url: /data/history?symbol=NSE%3ABPCL-EQ&resolution=D&date_format=1&range_from=2025-09-28&range_to=2025-10-28&cont_flag=1 (Caused by NameResolutionError(\"<urllib3.connection.HTTPSConnection object at 0x000001FECE6DE2D0>: Failed to resolve 'api-t1.fyers.in' ([Errno 11001] getaddrinfo failed)\"))"},"timestamp":"2025-10-28 08:45:57,503+0530","service":"FyersAPI"}
{"level":"ERROR","location":"[get_call:163] fyersModel","message":{"API":"/history","error":"HTTPSConnectionPool(host='api-t1.fyers.in', port=443): Max retries exceeded with url: /data/history?symbol=NSE%3AVEDL-EQ&resolution=D&date_format=1&range_from=2025-09-28&range_to=2025-10-28&cont_flag=1 (Caused by NameResolutionError(\"<urllib3.connection.HTTPSConnection object at 0x000001FECE6DD3A0>: Failed to resolve 'api-t1.fyers.in' ([Errno 11001] getaddrinfo failed)\"))"},"timestamp":"2025-10-28 08:45:57,507+0530","service":"FyersAPI"}
{"level":"ERROR","location":"[get_call:163] fyersModel","message":{"API":"/history","error":"HTTPSConnectionPool(host='api-t1.fyers.in', port=443): Max retries exceeded with url: /data/history?symbol=NSE%3AIOC-EQ&resolution=D&date_format=1&range_from=2025-09-28&range_to=2025-10-28&cont_flag=1 (Caused by NameResolutionError(\"<urllib3.connection.HTTPSConnection object at 0x000001FECE6DCCE0>: Failed to resolve 'api-t1.fyers.in' ([Errno 11001] getaddrinfo failed)\"))"},"timestamp":"2025-10-28 08:45:57,516+0530","service":"FyersAPI"}
{"level":"ERROR","location":"[get_call:145] fyersModel","message":{"API":"/history","Error":{"code":-300,"message":"Invalid symbol provided","s":"error"}},"timestamp":"2025-10-28 08:59:59,258+0530","service":"FyersAPI"}
{"level":"ERROR","location":"[get_call:145] fyersModel","message":{"API":"/history","Error":{"code":-300,"message":"Invalid symbol provided","s":"error"}},"timestamp":"2025-10-28 09:01:22,794+0530","service":"FyersAPI"}
{"level":"ERROR","location":"[get_call:145] fyersModel","message":{"API":"/history","Error":{"code":-16,"message":"Could not authenticate the user","s":"error"}},"timestamp":"2025-10-28 09:05:18,581+0530","service":"FyersAPI"}
{"level":"ERROR","location":"[get_call:145] fyersModel","message":{"API":"/history","Error":{"code":-16,"message":"Could not authenticate the user","s":"error"}},"timestamp":"2025-10-28 09:05:19,539+0530","service":"FyersAPI"}
{"level":"ERROR","location":"[get_call:145] fyersModel","message":{"API":"/history","Error":{"code":-16,"message":"Could not authenticate the user","s":"error"}},"timestamp":"2025-10-28 09:05:20,416+0530","service":"FyersAPI"}
{"level":"ERROR","location":"[get_call:145] fyersModel","message":{"API":"/history","Error":{"code":-16,"message":"Could not authenticate the user","s":"error"}},"timestamp":"2025-10-28 09:05:21,343+0530","service":"FyersAPI"}
{"level":"ERROR","location":"[get_call:145] fyersModel","message":{"API":"/history","Error":{"code":-16,"message":"Could not authenticate the user","s":"error"}},"timestamp":"2025-10-28 09:05:22,168+0530","service":"FyersAPI"}
{"level":"ERROR","location":"[get_call:145] fyersModel","message":{"API":"/history","Error":{"code":-16,"message":"Could not authenticate the user","s":"error"}},"timestamp":"2025-10-28 09:05:23,151+0530","service":"FyersAPI"}
{"level":"ERROR","location":"[get_call:145] fyersModel","message":{"API":"/history","Error":{"code":-16,"message":"Could not authenticate the user","s":"error"}},"timestamp":"2025-10-28 09:05:24,061+0530","service":"FyersAPI"}
{"level":"ERROR","location":"[get_call:145] fyersModel","message":{"API":"/history","Error":{"code":-16,"message":"Could not authenticate the user","s":"error"}},"timestamp":"2025-10-28 09:05:24,928+0530","service":"FyersAPI"}
{"level":"ERROR","location":"[get_call:145] fyersModel","message":{"API":"/history","Error":{"code":-16,"message":"Could not authenticate the user","s":"error"}},"timestamp":"2025-10-28 09:05:25,850+0530","service":"FyersAPI"}
{"level":"ERROR","location":"[get_call:145] fyersModel","message":{"API":"/history","Error":{"code":-16,"message":"Could not authenticate the user","s":"error"}},"timestamp":"2025-10-28 09:05:26,766+0530","service":"FyersAPI"}
{"level":"ERROR","location":"[get_call:145] fyersModel","message":{"API":"/history","Error":{"code":-16,"message":"Could not authenticate the user","s":"error"}},"timestamp":"2025-10-28 09:05:27,691+0530","service":"FyersAPI"}
{"level":"ERROR","location":"[get_call:145] fyersModel","message":{"API":"/history","Error":{"code":-16,"message":"Could not authenticate the user","s":"error"}},"timestamp":"2025-10-28 09:05:29,226+0530","service":"FyersAPI"}
{"level":"ERROR","location":"[get_call:145] fyersModel","message":{"API":"/history","Error":{"code":-16,"message":"Could not authenticate the user","s":"error"}},"timestamp":"2025-10-28 09:05:30,263+0530","service":"FyersAPI"}
{"level":"ERROR","location":"[get_call:145] fyersModel","message":{"API":"/history","Error":{"code":-16,"message":"Could not authenticate the user","s":"error"}},"timestamp":"2025-10-28 09:05:31,129+0530","service":"FyersAPI"}
{"level":"ERROR","location":"[get_call:145] fyersModel","message":{"API":"/history","Error":{"code":-16,"message":"Could not authenticate the user","s":"error"}},"timestamp":"2025-10-28 09:05:32,032+0530","service":"FyersAPI"}
{"level":"ERROR","location":"[get_call:145] fyersModel","message":{"API":"/history","Error":{"code":-16,"message":"Could not authenticate the user","s":"error"}},"timestamp":"2025-10-28 09:05:32,887+0530","service":"FyersAPI"}
{"level":"ERROR","location":"[get_call:145] fyersModel","message":{"API":"/history","Error":{"code":-16,"message":"Could not authenticate the user","s":"error"}},"timestamp":"2025-10-28 09:05:33,881+0530","service":"FyersAPI"}
{"level":"ERROR","location":"[get_call:145] fyersModel","message":{"API":"/history","Error":{"code":-16,"message":"Could not authenticate the user","s":"error"}},"timestamp":"2025-10-28 09:05:34,832+0530","service":"FyersAPI"}
{"level":"ERROR","location":"[get_call:145] fyersModel","message":{"API":"/history","Error":{"code":-16,"message":"Could not authenticate the user","s":"error"}},"timestamp":"2025-10-28 09:05:35,573+0530","service":"FyersAPI"}
{"level":"ERROR","location":"[get_call:145] fyersModel","message":{"API":"/history","Error":{"code":-16,"message":"Could not authenticate the user","s":"error"}},"timestamp":"2025-10-28 09:05:36,398+0530","service":"FyersAPI"}
{"level":"ERROR","location":"[get_call:145] fyersModel","message":{"API":"/history","Error":{"code":-16,"message":"Could not authenticate the user","s":"error"}},"timestamp":"2025-10-28 09:05:37,420+0530","service":"FyersAPI"}
{"level":"ERROR","location":"[get_call:145] fyersModel","message":{"API":"/history","Error":{"code":-16,"message":"Could not authenticate the user","s":"error"}},"timestamp":"2025-10-28 09:05:38,343+0530","service":"FyersAPI"}
{"level":"ERROR","location":"[get_call:145] fyersModel","message":{"API":"/history","Error":{"code":-16,"message":"Could not authenticate the user","s":"error"}},"timestamp":"2025-10-28 09:05:39,365+0530","service":"FyersAPI"}
{"level":"ERROR","location":"[get_call:145] fyersModel","message":{"API":"/history","Error":{"code":-16,"message":"Could not authenticate the user","s":"error"}},"timestamp":"2025-10-28 09:05:40,429+0530","service":"FyersAPI"}
{"level":"ERROR","location":"[get_call:145] fyersModel","message":{"API":"/history","Error":{"code":-16,"message":"Could not authenticate the user","s":"error"}},"timestamp":"2025-10-28 09:05:41,405+0530","service":"FyersAPI"}
{"level":"ERROR","location":"[get_call:145] fyersModel","message":{"API":"/history","Error":{"code":-16,"message":"Could not authenticate the user","s":"error"}},"timestamp":"2025-10-28 09:05:42,405+0530","service":"FyersAPI"}
{"level":"ERROR","location":"[get_call:145] fyersModel","message":{"API":"/history","Error":{"code":-16,"message":"Could not authenticate the user","s":"error"}},"timestamp":"2025-10-28 09:05:43,357+0530","service":"FyersAPI"}
{"level":"ERROR","location":"[get_call:145] fyersModel","message":{"API":"/history","Error":{"code":-16,"message":"Could not authenticate the user","s":"error"}},"timestamp":"2025-10-28 09:05:44,292+0530","service":"FyersAPI"}
{"level":"ERROR","location":"[get_call:145] fyersModel","message":{"API":"/history","Error":{"code":-16,"message":"Could not authenticate the user","s":"error"}},"timestamp":"2025-10-28 09:05:45,310+0530","service":"FyersAPI"}
{"level":"ERROR","location":"[get_call:145] fyersModel","message":{"API":"/history","Error":{"code":-16,"message":"Could not authenticate the user","s":"error"}},"timestamp":"2025-10-28 09:05:46,737+0530","service":"FyersAPI"}
{"level":"ERROR","location":"[get_call:145] fyersModel","message":{"API":"/history","Error":{"code":-16,"message":"Could not authenticate the user","s":"error"}},"timestamp":"2025-10-28 09:05:47,965+0530","service":"FyersAPI"}
{"level":"ERROR","location":"[get_call:145] fyersModel","message":{"API":"/history","Error":{"code":-16,"message":"Could not authenticate the user","s":"error"}},"timestamp":"2025-10-28 09:05:48,786+0530","service":"FyersAPI"}
{"level":"ERROR","location":"[get_call:145] fyersModel","message":{"API":"/history","Error":{"code":-16,"message":"Could not authenticate the user","s":"error"}},"timestamp":"2025-10-28 09:05:50,323+0530","service":"FyersAPI"}
{"level":"ERROR","location":"[get_call:145] fyersModel","message":{"API":"/history","Error":{"code":-16,"message":"Could not authenticate the user","s":"error"}},"timestamp":"2025-10-28 09:05:51,240+0530","service":"FyersAPI"}
{"level":"ERROR","location":"[get_call:145] fyersModel","message":{"API":"/history","Error":{"code":-16,"message":"Could not authenticate the user","s":"error"}},"timestamp":"2025-10-28 09:05:52,063+0530","service":"FyersAPI"}
{"level":"ERROR","location":"[get_call:145] fyersModel","message":{"API":"/history","Error":{"code":-16,"message":"Could not authenticate the user","s":"error"}},"timestamp":"2025-10-28 09:05:53,009+0530","service":"FyersAPI"}
{"level":"ERROR","location":"[get_call:145] fyersModel","message":{"API":"/history","Error":{"code":-16,"message":"Could not authenticate the user","s":"error"}},"timestamp":"2025-10-28 09:05:54,215+0530","service":"FyersAPI"}
{"level":"ERROR","location":"[get_call:145] fyersModel","message":{"API":"/history","Error":{"code":-16,"message":"Could not authenticate the user","s":"error"}},"timestamp":"2025-10-28 09:05:55,648+0530","service":"FyersAPI"}
{"level":"ERROR","location":"[get_call:145] fyersModel","message":{"API":"/history","Error":{"code":-16,"message":"Could not authenticate the user","s":"error"}},"timestamp":"2025-10-28 09:05:56,681+0530","service":"FyersAPI"}
{"level":"ERROR","location":"[get_call:145] fyersModel","message":{"API":"/history","Error":{"code":-16,"message":"Could not authenticate the user","s":"error"}},"timestamp":"2025-10-28 09:05:57,796+0530","service":"FyersAPI"}
{"level":"ERROR","location":"[get_call:145] fyersModel","message":{"API":"/history","Error":{"code":-16,"message":"Could not authenticate the user","s":"error"}},"timestamp":"2025-10-28 09:05:59,129+0530","service":"FyersAPI"}
{"level":"ERROR","location":"[get_call:145] fyersModel","message":{"API":"/history","Error":{"code":-16,"message":"Could not authenticate the user","s":"error"}},"timestamp":"2025-10-28 09:05:59,944+0530","service":"FyersAPI"}
{"level":"ERROR","location":"[get_call:145] fyersModel","message":{"API":"/history","Error":{"code":-16,"message":"Could not authenticate the user","s":"error"}},"timestamp":"2025-10-28 09:06:00,903+0530","service":"FyersAPI"}
{"level":"ERROR","location":"[get_call:145] fyersModel","message":{"API":"/history","Error":{"code":-16,"message":"Could not authenticate the user","s":"error"}},"timestamp":"2025-10-28 09:06:01,790+0530","service":"FyersAPI"}
{"level":"ERROR","location":"[get_call:145] fyersModel","message":{"API":"/history","Error":{"code":-16,"message":"Could not authenticate the user","s":"error"}},"timestamp":"2025-10-28 09:06:02,510+0530","service":"FyersAPI"}
{"level":"ERROR","location":"[get_call:145] fyersModel","message":{"API":"/history","Error":{"code":-16,"message":"Could not authenticate the user","s":"error"}},"timestamp":"2025-10-28 09:06:03,328+0530","service":"FyersAPI"}
{"level":"ERROR","location":"[get_call:145] fyersModel","message":{"API":"/history","Error":{"code":-16,"message":"Could not authenticate the user","s":"error"}},"timestamp":"2025-10-28 09:06:04,106+0530","service":"FyersAPI"}
{"level":"ERROR","location":"[get_call:145] fyersModel","message":{"API":"/history","Error":{"code":-16,"message":"Could not authenticate the user","s":"error"}},"timestamp":"2025-10-28 09:06:04,866+0530","service":"FyersAPI"}
{"level":"ERROR","location":"[get_call:145] fyersModel","message":{"API":"/history","Error":{"code":-16,"message":"Could not authenticate the user","s":"error"}},"timestamp":"2025-10-28 09:06:05,587+0530","service":"FyersAPI"}
{"level":"ERROR","location":"[get_call:145] fyersModel","message":{"API":"/history","Error":{"code":-16,"message":"Could not authenticate the user","s":"error"}},"timestamp":"2025-10-28 09:06:06,570+0530","service":"FyersAPI"}
{"level":"ERROR","location":"[get_call:145] fyersModel","message":{"API":"/history","Error":{"code":-16,"message":"Could not authenticate the user","s":"error"}},"timestamp":"2025-10-28 09:06:07,385+0530","service":"FyersAPI"}
{"level":"ERROR","location":"[get_call:145] fyersModel","message":{"API":"/history","Error":{"code":-16,"message":"Could not authenticate the user","s":"error"}},"timestamp":"2025-10-28 09:06:08,194+0530","service":"FyersAPI"}
{"level":"ERROR","location":"[get_call:145] fyersModel","message":{"API":"/history","Error":{"code":-300,"message":"Invalid symbol provided","s":"error"}},"timestamp":"2025-10-28 09:13:36,779+0530","service":"FyersAPI"}
{"level":"ERROR","location":"[get_call:145] fyersModel","message":{"API":"/history","Error":{"code":-300,"message":"Invalid symbol provided","s":"error"}},"timestamp":"2025-10-28 09:14:20,848+0530","service":"FyersAPI"}
{"level":"ERROR","location":"[get_call:145] fyersModel","message":{"API":"/history","Error":{"code":-300,"message":"Invalid symbol provided","s":"error"}},"timestamp":"2025-10-28 09:25:12,438+0530","service":"FyersAPI"}
{"level":"ERROR","location":"[get_call:145] fyersModel","message":{"API":"/history","Error":{"code":-300,"message":"Invalid symbol provided","s":"error"}},"timestamp":"2025-10-28 09:25:55,614+0530","service":"FyersAPI"}
{"level":"ERROR","location":"[get_call:145] fyersModel","message":{"API":"/history","Error":{"code":-300,"message":"Invalid symbol provided","s":"error"}},"timestamp":"2025-10-28 09:35:59,829+0530","service":"FyersAPI"}
{"level":"ERROR","location":"[get_call:145] fyersModel","message":{"API":"/history","Error":{"code":-300,"message":"Invalid symbol provided","s":"error"}},"timestamp":"2025-10-28 09:36:44,383+0530","service":"FyersAPI"}
{"level":"ERROR","location":"[get_call:145] fyersModel","message":{"API":"/history","Error":{"code":-300,"message":"Invalid symbol provided","s":"error"}},"timestamp":"2025-10-28 09:43:23,585+0530","service":"FyersAPI"}
{"level":"ERROR","location":"[get_call:145] fyersModel","message":{"API":"/history","Error":{"code":-300,"message":"Invalid symbol provided","s":"error"}},"timestamp":"2025-10-28 09:44:07,459+0530","service":"FyersAPI"}
{"level":"ERROR","location":"[get_call:145] fyersModel","message":{"API":"/history","Error":{"code":-300,"message":"Invalid symbol provided","s":"error"}},"timestamp":"2025-10-28 09:47:59,591+0530","service":"FyersAPI"}
{"level":"ERROR","location":"[get_call:145] fyersModel","message":{"API":"/history","Error":{"code":-300,"message":"Invalid symbol provided","s":"error"}},"timestamp":"2025-10-28 09:48:47,459+0530","service":"FyersAPI"}
{"level":"ERROR","location":"[get_call:145] fyersModel","message":{"API":"/history","Error":{"code":-300,"message":"Invalid symbol provided","s":"error"}},"timestamp":"2025-10-28 10:30:35,420+0530","service":"FyersAPI"}
{"level":"ERROR","location":"[get_call:145] fyersModel","message":{"API":"/history","Error":{"code":-300,"message":"Invalid symbol provided","s":"error"}},"timestamp":"2025-10-28 10:31:22,441+0530","service":"FyersAPI"}
{"level":"ERROR","location":"[get_call:145] fyersModel","message":{"API":"/history","Error":{"code":-300,"message":"Invalid symbol provided","s":"error"}},"timestamp":"2025-10-28 10:42:42,712+0530","service":"FyersAPI"}
{"level":"ERROR","location":"[get_call:145] fyersModel","message":{"API":"/history","Error":{"code":-300,"message":"Invalid symbol provided","s":"error"}},"timestamp":"2025-10-28 10:43:30,269+0530","service":"FyersAPI"}
